<?xml version="1.0" encoding="UTF-8"?>
<!-- Generated by org.testng.reporters.JUnitXMLReporter -->
<testsuite ignored="3" hostname="DESKTOP-E8U6502" failures="0" tests="1" name="Default test" time="6.452" errors="0" timestamp="2022-08-30T18:57:18 IST">
  <testcase classname="testcases1.LoginTest1" name="ExternalTest" time="0.597"/>
  <testcase classname="testcases1.LoginTest1" name="loginPasstest" time="0.0">
    <ignored/>
  </testcase> <!-- loginPasstest -->
  <testcase classname="testcases1.LoginTest1" name="ParameterisedTest1" time="0.0">
    <ignored/>
  </testcase> <!-- ParameterisedTest1 -->
  <testcase classname="testcases1.LoginTest1" name="LoginFailTest" time="0.0">
    <ignored/>
  </testcase> <!-- LoginFailTest -->
</testsuite> <!-- Default test -->
