<?xml version="1.0" encoding="UTF-8"?>
<!-- Generated by org.testng.reporters.JUnitXMLReporter -->
<testsuite ignored="0" hostname="DESKTOP-E8U6502" failures="0" tests="4" name="Test1" time="16.667" errors="0" timestamp="2022-08-30T19:07:56 IST">
  <testcase classname="testcases1.LoginTest1" name="ExternalTest" time="0.688"/>
  <testcase classname="testcases1.LoginTest1" name="LoginFailTest" time="0.546"/>
  <testcase classname="testcases1.LoginTest1" name="ParameterisedTest1" time="0.469"/>
  <testcase classname="testcases1.LoginTest1" name="loginPasstest" time="0.44"/>
</testsuite> <!-- Test1 -->
