<?xml version="1.0" encoding="UTF-8"?>
<!-- Generated by org.testng.reporters.JUnitXMLReporter -->
<testsuite ignored="0" hostname="DESKTOP-E8U6502" failures="0" tests="4" name="Test1" time="15.079" errors="0" timestamp="30 Aug 2022 14:00:33 GMT">
  <testcase classname="testcases1.LoginTest1" name="ExternalTest" time="0.815"/>
  <testcase classname="testcases1.LoginTest1" name="LoginFailTest" time="0.55"/>
  <testcase classname="testcases1.LoginTest1" name="ParameterisedTest1" time="0.514"/>
  <testcase classname="testcases1.LoginTest1" name="loginPasstest" time="0.483"/>
</testsuite> <!-- Test1 -->
