<?xml version="1.0" encoding="UTF-8"?>
<testng-results ignored="0" total="4" passed="4" failed="0" skipped="0">
  <reporter-output>
  </reporter-output>
  <suite started-at="2022-08-30T14:00:18Z" name="Suite" finished-at="2022-08-30T14:00:33Z" duration-ms="15079">
    <groups>
    </groups>
    <test started-at="2022-08-30T14:00:18Z" name="Test1" finished-at="2022-08-30T14:00:33Z" duration-ms="15079">
      <class name="testcases1.LoginTest1">
        <test-method is-config="true" signature="DataSetup()[pri:0, instance:testcases1.LoginTest1@1530c739]" started-at="2022-08-30T14:00:18Z" name="DataSetup" finished-at="2022-08-30T14:00:19Z" duration-ms="1073" status="PASS">
          <reporter-output>
          </reporter-output>
        </test-method> <!-- DataSetup -->
        <test-method is-config="true" signature="SetUp(java.lang.reflect.Method)[pri:0, instance:testcases1.LoginTest1@1530c739]" started-at="2022-08-30T14:00:19Z" name="SetUp" finished-at="2022-08-30T14:00:23Z" duration-ms="3995" status="PASS">
          <params>
            <param index="0">
              <value>
                <![CDATA[public void testcases1.LoginTest1.ExternalTest()]]>
              </value>
            </param>
          </params>
          <reporter-output>
          </reporter-output>
        </test-method> <!-- SetUp -->
        <test-method signature="ExternalTest()[pri:0, instance:testcases1.LoginTest1@1530c739]" started-at="2022-08-30T14:00:23Z" name="ExternalTest" finished-at="2022-08-30T14:00:23Z" duration-ms="815" status="PASS">
          <reporter-output>
          </reporter-output>
        </test-method> <!-- ExternalTest -->
        <test-method is-config="true" signature="TearDown()[pri:0, instance:testcases1.LoginTest1@1530c739]" started-at="2022-08-30T14:00:23Z" name="TearDown" finished-at="2022-08-30T14:00:24Z" duration-ms="276" status="PASS">
          <reporter-output>
          </reporter-output>
        </test-method> <!-- TearDown -->
        <test-method is-config="true" signature="SetUp(java.lang.reflect.Method)[pri:0, instance:testcases1.LoginTest1@1530c739]" started-at="2022-08-30T14:00:24Z" name="SetUp" finished-at="2022-08-30T14:00:26Z" duration-ms="2047" status="PASS">
          <params>
            <param index="0">
              <value>
                <![CDATA[public void testcases1.LoginTest1.LoginFailTest()]]>
              </value>
            </param>
          </params>
          <reporter-output>
          </reporter-output>
        </test-method> <!-- SetUp -->
        <test-method signature="LoginFailTest()[pri:0, instance:testcases1.LoginTest1@1530c739]" started-at="2022-08-30T14:00:26Z" name="LoginFailTest" finished-at="2022-08-30T14:00:26Z" duration-ms="550" status="PASS">
          <reporter-output>
          </reporter-output>
        </test-method> <!-- LoginFailTest -->
        <test-method is-config="true" signature="TearDown()[pri:0, instance:testcases1.LoginTest1@1530c739]" started-at="2022-08-30T14:00:26Z" name="TearDown" finished-at="2022-08-30T14:00:27Z" duration-ms="275" status="PASS">
          <reporter-output>
          </reporter-output>
        </test-method> <!-- TearDown -->
        <test-method is-config="true" signature="SetUp(java.lang.reflect.Method)[pri:0, instance:testcases1.LoginTest1@1530c739]" started-at="2022-08-30T14:00:27Z" name="SetUp" finished-at="2022-08-30T14:00:29Z" duration-ms="1994" status="PASS">
          <params>
            <param index="0">
              <value>
                <![CDATA[public void testcases1.LoginTest1.ParameterisedTest1(java.lang.String,java.lang.String)]]>
              </value>
            </param>
          </params>
          <reporter-output>
          </reporter-output>
        </test-method> <!-- SetUp -->
        <test-method signature="ParameterisedTest1(java.lang.String, java.lang.String)[pri:0, instance:testcases1.LoginTest1@1530c739]" started-at="2022-08-30T14:00:29Z" name="ParameterisedTest1" finished-at="2022-08-30T14:00:29Z" duration-ms="514" status="PASS">
          <params>
            <param index="0">
              <value>
                <![CDATA[standard_user]]>
              </value>
            </param>
            <param index="1">
              <value>
                <![CDATA[secret_sauce]]>
              </value>
            </param>
          </params>
          <reporter-output>
          </reporter-output>
        </test-method> <!-- ParameterisedTest1 -->
        <test-method is-config="true" signature="TearDown()[pri:0, instance:testcases1.LoginTest1@1530c739]" started-at="2022-08-30T14:00:29Z" name="TearDown" finished-at="2022-08-30T14:00:29Z" duration-ms="230" status="PASS">
          <reporter-output>
          </reporter-output>
        </test-method> <!-- TearDown -->
        <test-method is-config="true" signature="SetUp(java.lang.reflect.Method)[pri:0, instance:testcases1.LoginTest1@1530c739]" started-at="2022-08-30T14:00:29Z" name="SetUp" finished-at="2022-08-30T14:00:31Z" duration-ms="2072" status="PASS">
          <params>
            <param index="0">
              <value>
                <![CDATA[public void testcases1.LoginTest1.loginPasstest()]]>
              </value>
            </param>
          </params>
          <reporter-output>
          </reporter-output>
        </test-method> <!-- SetUp -->
        <test-method signature="loginPasstest()[pri:0, instance:testcases1.LoginTest1@1530c739]" started-at="2022-08-30T14:00:31Z" name="loginPasstest" finished-at="2022-08-30T14:00:32Z" duration-ms="483" status="PASS">
          <reporter-output>
          </reporter-output>
        </test-method> <!-- loginPasstest -->
        <test-method is-config="true" signature="TearDown()[pri:0, instance:testcases1.LoginTest1@1530c739]" started-at="2022-08-30T14:00:32Z" name="TearDown" finished-at="2022-08-30T14:00:32Z" duration-ms="274" status="PASS">
          <reporter-output>
          </reporter-output>
        </test-method> <!-- TearDown -->
        <test-method is-config="true" signature="DataTearDown()[pri:0, instance:testcases1.LoginTest1@1530c739]" started-at="2022-08-30T14:00:32Z" name="DataTearDown" finished-at="2022-08-30T14:00:33Z" duration-ms="455" status="PASS">
          <reporter-output>
          </reporter-output>
        </test-method> <!-- DataTearDown -->
      </class> <!-- testcases1.LoginTest1 -->
    </test> <!-- Test1 -->
  </suite> <!-- Suite -->
</testng-results>
