<?xml version="1.0" encoding="UTF-8"?>
<testng-results ignored="0" total="4" passed="4" failed="0" skipped="0">
  <reporter-output>
  </reporter-output>
  <suite started-at="2022-08-30T19:07:39 IST" name="Suite" finished-at="2022-08-30T19:07:56 IST" duration-ms="16667">
    <groups>
    </groups>
    <test started-at="2022-08-30T19:07:39 IST" name="Test1" finished-at="2022-08-30T19:07:56 IST" duration-ms="16667">
      <class name="testcases1.LoginTest1">
        <test-method is-config="true" signature="DataSetup()[pri:0, instance:testcases1.LoginTest1@3daa422a]" started-at="2022-08-30T19:07:39 IST" name="DataSetup" finished-at="2022-08-30T19:07:40 IST" duration-ms="1172" status="PASS">
          <reporter-output>
          </reporter-output>
        </test-method> <!-- DataSetup -->
        <test-method is-config="true" signature="SetUp(java.lang.reflect.Method)[pri:0, instance:testcases1.LoginTest1@3daa422a]" started-at="2022-08-30T19:07:40 IST" name="SetUp" finished-at="2022-08-30T19:07:46 IST" duration-ms="5269" status="PASS">
          <params>
            <param index="0">
              <value>
                <![CDATA[public void testcases1.LoginTest1.ExternalTest()]]>
              </value>
            </param>
          </params>
          <reporter-output>
          </reporter-output>
        </test-method> <!-- SetUp -->
        <test-method signature="ExternalTest()[pri:0, instance:testcases1.LoginTest1@3daa422a]" started-at="2022-08-30T19:07:46 IST" name="ExternalTest" finished-at="2022-08-30T19:07:46 IST" duration-ms="688" status="PASS">
          <reporter-output>
          </reporter-output>
        </test-method> <!-- ExternalTest -->
        <test-method is-config="true" signature="TearDown()[pri:0, instance:testcases1.LoginTest1@3daa422a]" started-at="2022-08-30T19:07:46 IST" name="TearDown" finished-at="2022-08-30T19:07:47 IST" duration-ms="215" status="PASS">
          <reporter-output>
          </reporter-output>
        </test-method> <!-- TearDown -->
        <test-method is-config="true" signature="SetUp(java.lang.reflect.Method)[pri:0, instance:testcases1.LoginTest1@3daa422a]" started-at="2022-08-30T19:07:47 IST" name="SetUp" finished-at="2022-08-30T19:07:49 IST" duration-ms="2554" status="PASS">
          <params>
            <param index="0">
              <value>
                <![CDATA[public void testcases1.LoginTest1.LoginFailTest()]]>
              </value>
            </param>
          </params>
          <reporter-output>
          </reporter-output>
        </test-method> <!-- SetUp -->
        <test-method signature="LoginFailTest()[pri:0, instance:testcases1.LoginTest1@3daa422a]" started-at="2022-08-30T19:07:49 IST" name="LoginFailTest" finished-at="2022-08-30T19:07:50 IST" duration-ms="546" status="PASS">
          <reporter-output>
          </reporter-output>
        </test-method> <!-- LoginFailTest -->
        <test-method is-config="true" signature="TearDown()[pri:0, instance:testcases1.LoginTest1@3daa422a]" started-at="2022-08-30T19:07:50 IST" name="TearDown" finished-at="2022-08-30T19:07:50 IST" duration-ms="197" status="PASS">
          <reporter-output>
          </reporter-output>
        </test-method> <!-- TearDown -->
        <test-method is-config="true" signature="SetUp(java.lang.reflect.Method)[pri:0, instance:testcases1.LoginTest1@3daa422a]" started-at="2022-08-30T19:07:50 IST" name="SetUp" finished-at="2022-08-30T19:07:52 IST" duration-ms="2138" status="PASS">
          <params>
            <param index="0">
              <value>
                <![CDATA[public void testcases1.LoginTest1.ParameterisedTest1(java.lang.String,java.lang.String)]]>
              </value>
            </param>
          </params>
          <reporter-output>
          </reporter-output>
        </test-method> <!-- SetUp -->
        <test-method signature="ParameterisedTest1(java.lang.String,java.lang.String)[pri:0, instance:testcases1.LoginTest1@3daa422a]" started-at="2022-08-30T19:07:52 IST" name="ParameterisedTest1" finished-at="2022-08-30T19:07:53 IST" duration-ms="469" status="PASS">
          <params>
            <param index="0">
              <value>
                <![CDATA[standard_user]]>
              </value>
            </param>
            <param index="1">
              <value>
                <![CDATA[secret_sauce]]>
              </value>
            </param>
          </params>
          <reporter-output>
          </reporter-output>
        </test-method> <!-- ParameterisedTest1 -->
        <test-method is-config="true" signature="TearDown()[pri:0, instance:testcases1.LoginTest1@3daa422a]" started-at="2022-08-30T19:07:53 IST" name="TearDown" finished-at="2022-08-30T19:07:53 IST" duration-ms="205" status="PASS">
          <reporter-output>
          </reporter-output>
        </test-method> <!-- TearDown -->
        <test-method is-config="true" signature="SetUp(java.lang.reflect.Method)[pri:0, instance:testcases1.LoginTest1@3daa422a]" started-at="2022-08-30T19:07:53 IST" name="SetUp" finished-at="2022-08-30T19:07:55 IST" duration-ms="2073" status="PASS">
          <params>
            <param index="0">
              <value>
                <![CDATA[public void testcases1.LoginTest1.loginPasstest()]]>
              </value>
            </param>
          </params>
          <reporter-output>
          </reporter-output>
        </test-method> <!-- SetUp -->
        <test-method signature="loginPasstest()[pri:0, instance:testcases1.LoginTest1@3daa422a]" started-at="2022-08-30T19:07:55 IST" name="loginPasstest" finished-at="2022-08-30T19:07:55 IST" duration-ms="440" status="PASS">
          <reporter-output>
          </reporter-output>
        </test-method> <!-- loginPasstest -->
        <test-method is-config="true" signature="TearDown()[pri:0, instance:testcases1.LoginTest1@3daa422a]" started-at="2022-08-30T19:07:55 IST" name="TearDown" finished-at="2022-08-30T19:07:55 IST" duration-ms="219" status="PASS">
          <reporter-output>
          </reporter-output>
        </test-method> <!-- TearDown -->
        <test-method is-config="true" signature="DataTearDown()[pri:0, instance:testcases1.LoginTest1@3daa422a]" started-at="2022-08-30T19:07:55 IST" name="DataTearDown" finished-at="2022-08-30T19:07:56 IST" duration-ms="415" status="PASS">
          <reporter-output>
          </reporter-output>
        </test-method> <!-- DataTearDown -->
      </class> <!-- testcases1.LoginTest1 -->
    </test> <!-- Test1 -->
  </suite> <!-- Suite -->
</testng-results>
